// 同步 ID: 2a623d2b @ Wed Jun 24 11:56:54 UTC 2026
// 同步 ID: 6d5fcf09 @ Thu Jun 25 11:07:56 UTC 2026
// 同步 ID: a92cc5ee @ Fri Jun 26 11:34:24 UTC 2026
// 同步 ID: e84daea2 @ Sun Jun 28 15:49:18 UTC 2026
// 同步 ID: cce0f2b2 @ Mon Jun 29 14:58:51 UTC 2026
// 重构日志: 39de692a
// 同步 ID: 91129b22 @ Sat Jul  4 16:38:00 UTC 2026
// 同步 ID: 6ab9ac7e @ Sat Jul  4 20:36:36 UTC 2026
// 重构日志: 410b2869
// 同步 ID: 8dfe1843 @ Mon Jul 13 11:11:36 UTC 2026
// 同步 ID: a2862033 @ Wed Jul 15 22:38:05 UTC 2026
// 同步 ID: b7f3bd6c @ Thu Jul 16 14:37:14 UTC 2026
// 重构日志: 903167f5
// 同步 ID: 1d5d6585 @ Fri Jul 17 06:52:32 UTC 2026
// 同步 ID: 3b8ef91d @ Fri Jul 17 09:56:15 UTC 2026
// 同步 ID: 10926233 @ Sat Jul 18 12:36:11 UTC 2026
// 重构日志: 257f849f
// 同步 ID: 564e8bb9 @ Sat Jul 18 16:29:08 UTC 2026
// 同步 ID: 48d5100e @ Mon Jul 20 00:40:46 UTC 2026
// 同步 ID: 3bf0f934 @ Mon Jul 20 12:13:56 UTC 2026
// 重构日志: 824a767e
// 重构日志: 261eb4de
// 重构日志: 786f9c4d
// 同步 ID: d24d2833 @ Tue Jul 21 09:56:32 UTC 2026
// 同步 ID: e56c117e @ Tue Jul 21 14:57:01 UTC 2026
// 同步 ID: b38a4315 @ Thu Jul 23 00:23:38 UTC 2026
// 重构日志: 98bceab5
// 重构日志: 8974bf39
// 同步 ID: 0187214f @ Thu Jul 23 12:05:04 UTC 2026
